<?xml version="1.0" encoding="UTF-8"?>
<testsuite xmlns:xsi="http://www.w3.org/2001/XMLSchema-instance" xsi:noNamespaceSchemaLocation="https://maven.apache.org/surefire/maven-surefire-plugin/xsd/surefire-test-report.xsd" name="org.mycode.repository.javaio.JavaIODeveloperRepositoryImplTest" time="0.033" tests="5" errors="0" skipped="0" failures="0">
  <properties>
[...]
</properties>
  <testcase name="shouldCreate" classname="org.mycode.repository.javaio.JavaIODeveloperRepositoryImplTest" time="0.008"/>
  <testcase name="shouldDelete" classname="org.mycode.repository.javaio.JavaIODeveloperRepositoryImplTest" time="0.005"/>
  <testcase name="shouldGetAll" classname="org.mycode.repository.javaio.JavaIODeveloperRepositoryImplTest" time="0.007"/>
  <testcase name="shouldUpdate" classname="org.mycode.repository.javaio.JavaIODeveloperRepositoryImplTest" time="0.005"/>
  <testcase name="shouldGetById" classname="org.mycode.repository.javaio.JavaIODeveloperRepositoryImplTest" time="0.005"/>
</testsuite>